[20:12:19] [ServerMain/INFO]: Environment: authHost='https://authserver.mojang.com', accountsHost='https://api.mojang.com', sessionHost='https://sessionserver.mojang.com', servicesHost='https://api.minecraftservices.com', name='PROD'
[20:12:22] [ServerMain/INFO]: Loaded 7 recipes
[20:12:23] [Server thread/INFO]: Starting minecraft server version 1.20.1
[20:12:23] [Server thread/INFO]: Loading properties
[20:12:23] [Server thread/INFO]: This server is running Paper version git-Paper-196 (MC: 1.20.1) (Implementing API version 1.20.1-R0.1-SNAPSHOT) (Git: 773dd72)
[20:12:24] [Server thread/INFO]: Server Ping Player Sample Count: 12
[20:12:24] [Server thread/INFO]: Using 4 threads for Netty based IO
[20:12:25] [Server thread/WARN]: [!] The timings profiler has been enabled but has been scheduled for removal from Paper in the future.
    We recommend installing the spark profiler as a replacement: https://spark.lucko.me/
    For more information please visit: https://github.com/PaperMC/Paper/issues/8948
[20:12:25] [Server thread/INFO]: [ChunkTaskScheduler] Chunk system is using 1 I/O threads, 1 worker threads, and gen parallelism of 1 threads
[20:12:26] [Server thread/INFO]: Default game type: SURVIVAL
[20:12:26] [Server thread/INFO]: Generating keypair
[20:12:26] [Server thread/INFO]: Starting Minecraft server on *:25565
[20:12:26] [Server thread/INFO]: Using epoll channel type
[20:12:26] [Server thread/INFO]: Paper: Using libdeflate (Linux x86_64) compression from Velocity.
[20:12:26] [Server thread/INFO]: Paper: Using OpenSSL 1.1.x (Linux x86_64) cipher from Velocity.
[20:12:27] [Server thread/INFO]: [floodgate] Loading server plugin floodgate v2.2.4-SNAPSHOT (b116-0e3163c)
[20:12:28] [Server thread/WARN]: [floodgate] en_ is not a supported Floodgate language.
[20:12:28] [Server thread/INFO]: [floodgate] Took 1,237ms to boot Floodgate
[20:12:28] [Server thread/INFO]: [ViaVersion] Loading server plugin ViaVersion v5.3.2
[20:12:28] [Server thread/INFO]: [ViaVersion] ViaVersion 5.3.2 is now loaded. Registering protocol transformers and injecting...
[20:12:30] [Via-Mappingloader-0/INFO]: [ViaVersion] Loading block connection mappings ...
[20:12:30] [Via-Mappingloader-0/INFO]: [ViaVersion] Using FastUtil Long2ObjectOpenHashMap for block connections
[20:12:30] [Server thread/INFO]: [Geyser-Spigot] Loading server plugin Geyser-Spigot v2.7.1-SNAPSHOT
[20:12:31] [Server thread/INFO]: [Geyser-Spigot] Loading extensions...
[20:12:31] [Server thread/INFO]: [Geyser-Spigot] Loaded 0 extension(s)
[20:12:31] [Server thread/INFO]: Server permissions file permissions.yml is empty, ignoring it
[20:12:31] [Server thread/WARN]: **** SERVER IS RUNNING IN OFFLINE/INSECURE MODE!
[20:12:31] [Server thread/WARN]: The server will make no attempt to authenticate usernames. Beware.
[20:12:31] [Server thread/WARN]: While this makes the game possible to play without internet access, it also opens up the ability for hackers to connect with any username they choose.
[20:12:31] [Server thread/WARN]: To change this, set "online-mode" to "true" in the server.properties file.
[20:12:31] [Server thread/INFO]: Preparing level "world"
[20:12:32] [Server thread/INFO]: Preparing start region for dimension minecraft:overworld
[20:12:32] [Server thread/INFO]: Time elapsed: 572 ms
[20:12:32] [Server thread/INFO]: Preparing start region for dimension minecraft:the_nether
[20:12:33] [Server thread/INFO]: Time elapsed: 135 ms
[20:12:33] [Server thread/INFO]: Preparing start region for dimension minecraft:the_end
[20:12:33] [Server thread/INFO]: Time elapsed: 155 ms
[20:12:33] [Server thread/INFO]: [floodgate] Enabling floodgate v2.2.4-SNAPSHOT (b116-0e3163c)
[20:12:35] [Server thread/INFO]: [ViaVersion] Enabling ViaVersion v5.3.2
[20:12:35] [Server thread/INFO]: [ViaVersion] ViaVersion detected server version: 1.20-1.20.1 (763)
[20:12:35] [Server thread/WARN]: [ViaVersion] Please update your Java runtime to at least Java 21 (your version is 17.0.15).
[20:12:35] [Server thread/WARN]: [ViaVersion] At some point in the future, ViaVersion will no longer be compatible with this version of Java.
[20:12:35] [Server thread/INFO]: [Geyser-Spigot] Enabling Geyser-Spigot v2.7.1-SNAPSHOT
[20:12:36] [Server thread/INFO]: [Geyser-Spigot] ******************************************
[20:12:36] [Server thread/INFO]: [Geyser-Spigot] 
[20:12:36] [Server thread/INFO]: [Geyser-Spigot] Loading Geyser version 2.7.1-b832 (git-master-f616230)
[20:12:36] [Server thread/INFO]: [Geyser-Spigot] 
[20:12:36] [Server thread/INFO]: [Geyser-Spigot] ******************************************
[20:12:48] [Server thread/INFO]: [Geyser-Spigot] Started Geyser on UDP port 2802
[20:12:48] [Server thread/INFO]: [Geyser-Spigot] Done (12.344s)! Run /geyser help for help!
[20:12:49] [Server thread/INFO]: Running delayed init tasks
[20:12:49] [Craft Scheduler Thread - 2 - ViaVersion/INFO]: [ViaVersion] Finished mapping loading, shutting down loader executor.
[20:12:49] [Server thread/INFO]: Done (25.638s)! For help, type "help"
[20:12:49] [Server thread/INFO]: Timings Reset
